Determining if the pthread_create exist failed with the following output:
Change Dir: /home/darius/CLionProjects/tallerZ_Cliente/cmake-build-debug/CMakeFiles/CMakeTmp

Run Build Command:"/usr/bin/make" "cmTC_7f047/fast"
/usr/bin/make -f CMakeFiles/cmTC_7f047.dir/build.make CMakeFiles/cmTC_7f047.dir/build
make[1]: se ingresa al directorio «/home/darius/CLionProjects/tallerZ_Cliente/cmake-build-debug/CMakeFiles/CMakeTmp»
Building C object CMakeFiles/cmTC_7f047.dir/CheckSymbolExists.c.o
/usr/bin/cc     -o CMakeFiles/cmTC_7f047.dir/CheckSymbolExists.c.o   -c /home/darius/CLionProjects/tallerZ_Cliente/cmake-build-debug/CMakeFiles/CMakeTmp/CheckSymbolExists.c
Linking C executable cmTC_7f047
/home/darius/Documentos/Taller2017/CLION/clion-2017.1.1/bin/cmake/bin/cmake -E cmake_link_script CMakeFiles/cmTC_7f047.dir/link.txt --verbose=1
/usr/bin/cc       CMakeFiles/cmTC_7f047.dir/CheckSymbolExists.c.o  -o cmTC_7f047 -rdynamic 
CMakeFiles/cmTC_7f047.dir/CheckSymbolExists.c.o: En la función `main':
CheckSymbolExists.c:(.text+0x16): referencia a `pthread_create' sin definir
collect2: error: ld returned 1 exit status
make[1]: *** [cmTC_7f047] Error 1
make[1]: se sale del directorio «/home/darius/CLionProjects/tallerZ_Cliente/cmake-build-debug/CMakeFiles/CMakeTmp»
make: *** [cmTC_7f047/fast] Error 2

File /home/darius/CLionProjects/tallerZ_Cliente/cmake-build-debug/CMakeFiles/CMakeTmp/CheckSymbolExists.c:
/* */
#include <pthread.h>

int main(int argc, char** argv)
{
  (void)argv;
#ifndef pthread_create
  return ((int*)(&pthread_create))[argc];
#else
  (void)argc;
  return 0;
#endif
}

Determining if the function pthread_create exists in the pthreads failed with the following output:
Change Dir: /home/darius/CLionProjects/tallerZ_Cliente/cmake-build-debug/CMakeFiles/CMakeTmp

Run Build Command:"/usr/bin/make" "cmTC_79c60/fast"
/usr/bin/make -f CMakeFiles/cmTC_79c60.dir/build.make CMakeFiles/cmTC_79c60.dir/build
make[1]: se ingresa al directorio «/home/darius/CLionProjects/tallerZ_Cliente/cmake-build-debug/CMakeFiles/CMakeTmp»
Building C object CMakeFiles/cmTC_79c60.dir/CheckFunctionExists.c.o
/usr/bin/cc    -DCHECK_FUNCTION_EXISTS=pthread_create   -o CMakeFiles/cmTC_79c60.dir/CheckFunctionExists.c.o   -c /home/darius/Documentos/Taller2017/CLION/clion-2017.1.1/bin/cmake/share/cmake-3.7/Modules/CheckFunctionExists.c
Linking C executable cmTC_79c60
/home/darius/Documentos/Taller2017/CLION/clion-2017.1.1/bin/cmake/bin/cmake -E cmake_link_script CMakeFiles/cmTC_79c60.dir/link.txt --verbose=1
/usr/bin/cc   -DCHECK_FUNCTION_EXISTS=pthread_create    CMakeFiles/cmTC_79c60.dir/CheckFunctionExists.c.o  -o cmTC_79c60 -rdynamic -lpthreads 
/usr/bin/ld: no se puede encontrar -lpthreads
collect2: error: ld returned 1 exit status
make[1]: *** [cmTC_79c60] Error 1
make[1]: se sale del directorio «/home/darius/CLionProjects/tallerZ_Cliente/cmake-build-debug/CMakeFiles/CMakeTmp»
make: *** [cmTC_79c60/fast] Error 2


